<?xml version="1.0" encoding="UTF-8" ?>
<testsuite tests="4" failures="0" name="dfloriani.dayane.TestTriangle" time="0.008" errors="0" skipped="0">
  <properties>
[...]
</properties>
  <testcase classname="dfloriani.dayane.TestTriangle" name="twoEqualValuesShouldReturnIsoscelesType" time="0.006"/>
  <testcase classname="dfloriani.dayane.TestTriangle" name="allEqualShouldReturnEquilateralType" time="0"/>
  <testcase classname="dfloriani.dayane.TestTriangle" name="noEqualValuesShouldReturnOne" time="0.001"/>
  <testcase classname="dfloriani.dayane.TestTriangle" name="invalidValuesShouldReturnError" time="0.001"/>
</testsuite>